1654507515.483646 client started (8708): version 3.2a, socket /tmp/tmux-1000/default, protocol 8
1654507515.483663 on Linux 5.18.0-arch1-1 #1 SMP PREEMPT_DYNAMIC Tue, 24 May 2022 22:00:36 +0000
1654507515.483666 using libevent 2.1.12-stable (poll); ncurses 6.2
1654507515.483677 flags are 0x10010000
1654507515.483679 socket is /tmp/tmux-1000/default
1654507515.483686 trying connect
1654507515.483740 add peer 0x55be2d49eb20: 6 ((nil))
1654507515.483772 sending message 100 to peer 0x55be2d49eb20 (4 bytes)
1654507515.483776 sending message 111 to peer 0x55be2d49eb20 (8 bytes)
1654507515.483778 sending message 101 to peer 0x55be2d49eb20 (14 bytes)
1654507515.483780 sending message 109 to peer 0x55be2d49eb20 (4 bytes)
1654507515.483795 sending message 102 to peer 0x55be2d49eb20 (1 bytes)
1654507515.483797 sending message 108 to peer 0x55be2d49eb20 (35 bytes)
1654507515.483800 sending message 104 to peer 0x55be2d49eb20 (0 bytes)
1654507515.483809 sending message 110 to peer 0x55be2d49eb20 (0 bytes)
1654507515.483812 sending message 107 to peer 0x55be2d49eb20 (4 bytes)
1654507515.483815 sending message 105 to peer 0x55be2d49eb20 (16 bytes)
1654507515.483817 sending message 105 to peer 0x55be2d49eb20 (18 bytes)
1654507515.483819 sending message 105 to peer 0x55be2d49eb20 (13 bytes)
1654507515.483821 sending message 105 to peer 0x55be2d49eb20 (63 bytes)
1654507515.483823 sending message 105 to peer 0x55be2d49eb20 (26 bytes)
1654507515.483825 sending message 105 to peer 0x55be2d49eb20 (13 bytes)
1654507515.483828 sending message 105 to peer 0x55be2d49eb20 (35 bytes)
1654507515.483830 sending message 105 to peer 0x55be2d49eb20 (23 bytes)
1654507515.483832 sending message 105 to peer 0x55be2d49eb20 (20 bytes)
1654507515.483834 sending message 105 to peer 0x55be2d49eb20 (47 bytes)
1654507515.483836 sending message 105 to peer 0x55be2d49eb20 (61 bytes)
1654507515.483838 sending message 105 to peer 0x55be2d49eb20 (45 bytes)
1654507515.483840 sending message 105 to peer 0x55be2d49eb20 (50 bytes)
1654507515.483842 sending message 105 to peer 0x55be2d49eb20 (24 bytes)
1654507515.483844 sending message 105 to peer 0x55be2d49eb20 (19 bytes)
1654507515.483846 sending message 105 to peer 0x55be2d49eb20 (12 bytes)
1654507515.483849 sending message 105 to peer 0x55be2d49eb20 (39 bytes)
1654507515.483851 sending message 105 to peer 0x55be2d49eb20 (16 bytes)
1654507515.483853 sending message 105 to peer 0x55be2d49eb20 (22 bytes)
1654507515.483855 sending message 105 to peer 0x55be2d49eb20 (16 bytes)
1654507515.483857 sending message 105 to peer 0x55be2d49eb20 (37 bytes)
1654507515.483859 sending message 105 to peer 0x55be2d49eb20 (19 bytes)
1654507515.483861 sending message 105 to peer 0x55be2d49eb20 (17 bytes)
1654507515.483863 sending message 105 to peer 0x55be2d49eb20 (21 bytes)
1654507515.483865 sending message 105 to peer 0x55be2d49eb20 (35 bytes)
1654507515.483867 sending message 105 to peer 0x55be2d49eb20 (47 bytes)
1654507515.483869 sending message 105 to peer 0x55be2d49eb20 (16 bytes)
1654507515.483871 sending message 105 to peer 0x55be2d49eb20 (26 bytes)
1654507515.483873 sending message 105 to peer 0x55be2d49eb20 (27 bytes)
1654507515.483875 sending message 105 to peer 0x55be2d49eb20 (30 bytes)
1654507515.483877 sending message 105 to peer 0x55be2d49eb20 (19 bytes)
1654507515.483879 sending message 105 to peer 0x55be2d49eb20 (13 bytes)
1654507515.483881 sending message 105 to peer 0x55be2d49eb20 (13 bytes)
1654507515.483883 sending message 105 to peer 0x55be2d49eb20 (20 bytes)
1654507515.483885 sending message 105 to peer 0x55be2d49eb20 (12 bytes)
1654507515.483887 sending message 105 to peer 0x55be2d49eb20 (11 bytes)
1654507515.483890 sending message 105 to peer 0x55be2d49eb20 (8 bytes)
1654507515.483892 sending message 105 to peer 0x55be2d49eb20 (14 bytes)
1654507515.483894 sending message 105 to peer 0x55be2d49eb20 (25 bytes)
1654507515.483896 sending message 105 to peer 0x55be2d49eb20 (27 bytes)
1654507515.483898 sending message 105 to peer 0x55be2d49eb20 (32 bytes)
1654507515.483900 sending message 105 to peer 0x55be2d49eb20 (31 bytes)
1654507515.483905 sending message 105 to peer 0x55be2d49eb20 (44 bytes)
1654507515.483908 sending message 105 to peer 0x55be2d49eb20 (20 bytes)
1654507515.483910 sending message 105 to peer 0x55be2d49eb20 (23 bytes)
1654507515.483912 sending message 105 to peer 0x55be2d49eb20 (16 bytes)
1654507515.483914 sending message 105 to peer 0x55be2d49eb20 (289 bytes)
1654507515.483916 sending message 105 to peer 0x55be2d49eb20 (54 bytes)
1654507515.483919 sending message 105 to peer 0x55be2d49eb20 (29 bytes)
1654507515.483921 sending message 105 to peer 0x55be2d49eb20 (54 bytes)
1654507515.483923 sending message 105 to peer 0x55be2d49eb20 (27 bytes)
1654507515.483925 sending message 105 to peer 0x55be2d49eb20 (70 bytes)
1654507515.483927 sending message 105 to peer 0x55be2d49eb20 (18 bytes)
1654507515.483929 sending message 105 to peer 0x55be2d49eb20 (23 bytes)
1654507515.483931 sending message 105 to peer 0x55be2d49eb20 (18 bytes)
1654507515.483933 sending message 106 to peer 0x55be2d49eb20 (0 bytes)
1654507515.483938 sending message 200 to peer 0x55be2d49eb20 (4 bytes)
1654507515.483940 client loop enter
1654507515.485472 peer 0x55be2d49eb20 message 303
1654507515.485478 open write file 2 -
1654507515.485484 sending message 305 to peer 0x55be2d49eb20 (8 bytes)
1654507515.485489 write check file 2
1654507515.485651 peer 0x55be2d49eb20 message 304
1654507515.485657 write 37 to file 2
1654507515.485661 peer 0x55be2d49eb20 message 203
1654507515.485663 file 2 37 bytes left
1654507515.485673 write check file 2
1654507515.485697 client loop exit
